# JRE version: OpenJDK Runtime Environment Temurin-21.0.6+7 (21.0.6+7) (build 21.0.6+7-LTS)
# Java VM: OpenJDK 64-Bit Server VM Temurin-21.0.6+7 (21.0.6+7-LTS, mixed mode, sharing, tiered, compressed oops, compressed class ptrs, parallel gc, windows-amd64)
GC Precious Log:
 CardTable entry size: 512
 CPUs: 8 total, 8 available
 Memory: 8044M
 Large Page Support: Disabled
 NUMA Support: Disabled
 Compressed Oops: Enabled (32-bit)
 Alignments: Space 512K, Generation 512K, Heap 2M
 Heap Min Capacity: 100M
 Heap Initial Capacity: 100M
 Heap Max Capacity: 1G
 Pre-touch: Disabled
 Parallel Workers: 8
Heap:
 PSYoungGen      total 10752K, used 10586K [0x00000000eab00000, 0x00000000eb780000, 0x0000000100000000)
  eden space 9216K, 100% used [0x00000000eab00000,0x00000000eb400000,0x00000000eb400000)
  from space 1536K, 89% used [0x00000000eb600000,0x00000000eb756a20,0x00000000eb780000)
  to   space 1536K, 0% used [0x00000000eb480000,0x00000000eb480000,0x00000000eb600000)
 ParOldGen       total 449536K, used 449317K [0x00000000c0000000, 0x00000000db700000, 0x00000000eab00000)
  object space 449536K, 99% used [0x00000000c0000000,0x00000000db6c9790,0x00000000db700000)
 Metaspace       used 81156K, committed 82944K, reserved 1179648K
  class space    used 8211K, committed 8960K, reserved 1048576K
GC Heap History (20 events):
Event: 244.526 GC heap before
{Heap before GC invocations=3023 (full 7):
 PSYoungGen      total 11776K, used 11776K [0x00000000eab00000, 0x00000000eba80000, 0x0000000100000000)
  eden space 9216K, 100% used [0x00000000eab00000,0x00000000eb400000,0x00000000eb400000)
  from space 2560K, 100% used [0x00000000eb800000,0x00000000eba80000,0x00000000eba80000)
  to   space 3072K, 0% used [0x00000000eb480000,0x00000000eb480000,0x00000000eb780000)
 ParOldGen       total 434688K, used 434472K [0x00000000c0000000, 0x00000000da880000, 0x00000000eab00000)
  object space 434688K, 99% used [0x00000000c0000000,0x00000000da84a030,0x00000000da880000)
 Metaspace       used 80417K, committed 82176K, reserved 1179648K
  class space    used 8144K, committed 8896K, reserved 1048576K
}
Event: 244.532 GC heap after
{Heap after GC invocations=3023 (full 7):
 PSYoungGen      total 12800K, used 2496K [0x00000000eab00000, 0x00000000ebb00000, 0x0000000100000000)
  eden space 9728K, 0% used [0x00000000eab00000,0x00000000eab00000,0x00000000eb480000)
  from space 3072K, 81% used [0x00000000eb480000,0x00000000eb6f0000,0x00000000eb780000)
  to   space 2560K, 0% used [0x00000000eb880000,0x00000000eb880000,0x00000000ebb00000)
 ParOldGen       total 437248K, used 436968K [0x00000000c0000000, 0x00000000dab00000, 0x00000000eab00000)
  object space 437248K, 99% used [0x00000000c0000000,0x00000000daaba098,0x00000000dab00000)
 Metaspace       used 80417K, committed 82176K, reserved 1179648K
  class space    used 8144K, committed 8896K, reserved 1048576K
}
Event: 244.551 GC heap before
{Heap before GC invocations=3024 (full 7):
 PSYoungGen      total 12800K, used 12224K [0x00000000eab00000, 0x00000000ebb00000, 0x0000000100000000)
  eden space 9728K, 100% used [0x00000000eab00000,0x00000000eb480000,0x00000000eb480000)
  from space 3072K, 81% used [0x00000000eb480000,0x00000000eb6f0000,0x00000000eb780000)
  to   space 2560K, 0% used [0x00000000eb880000,0x00000000eb880000,0x00000000ebb00000)
 ParOldGen       total 437248K, used 436968K [0x00000000c0000000, 0x00000000dab00000, 0x00000000eab00000)
  object space 437248K, 99% used [0x00000000c0000000,0x00000000daaba098,0x00000000dab00000)
 Metaspace       used 80417K, committed 82176K, reserved 1179648K
  class space    used 8144K, committed 8896K, reserved 1048576K
}
Event: 244.561 GC heap after
{Heap after GC invocations=3024 (full 7):
 PSYoungGen      total 10240K, used 2560K [0x00000000eab00000, 0x00000000ec280000, 0x0000000100000000)
  eden space 7680K, 0% used [0x00000000eab00000,0x00000000eab00000,0x00000000eb280000)
  from space 2560K, 100% used [0x00000000eb880000,0x00000000ebb00000,0x00000000ebb00000)
  to   space 6144K, 0% used [0x00000000eb280000,0x00000000eb280000,0x00000000eb880000)
 ParOldGen       total 440320K, used 439944K [0x00000000c0000000, 0x00000000dae00000, 0x00000000eab00000)
  object space 440320K, 99% used [0x00000000c0000000,0x00000000dada2098,0x00000000dae00000)
 Metaspace       used 80417K, committed 82176K, reserved 1179648K
  class space    used 8144K, committed 8896K, reserved 1048576K
}
Event: 244.584 GC heap before
{Heap before GC invocations=3025 (full 7):
 PSYoungGen      total 10240K, used 10239K [0x00000000eab00000, 0x00000000ec280000, 0x0000000100000000)
  eden space 7680K, 99% used [0x00000000eab00000,0x00000000eb27fff0,0x00000000eb280000)
  from space 2560K, 100% used [0x00000000eb880000,0x00000000ebb00000,0x00000000ebb00000)
  to   space 6144K, 0% used [0x00000000eb280000,0x00000000eb280000,0x00000000eb880000)
 ParOldGen       total 440320K, used 439944K [0x00000000c0000000, 0x00000000dae00000, 0x00000000eab00000)
  object space 440320K, 99% used [0x00000000c0000000,0x00000000dada2098,0x00000000dae00000)
 Metaspace       used 80417K, committed 82176K, reserved 1179648K
  class space    used 8144K, committed 8896K, reserved 1048576K
}
Event: 244.590 GC heap after
{Heap after GC invocations=3025 (full 7):
 PSYoungGen      total 9728K, used 1856K [0x00000000eab00000, 0x00000000ebb00000, 0x0000000100000000)
  eden space 7680K, 0% used [0x00000000eab00000,0x00000000eab00000,0x00000000eb280000)
  from space 2048K, 90% used [0x00000000eb280000,0x00000000eb450000,0x00000000eb480000)
  to   space 3584K, 0% used [0x00000000eb780000,0x00000000eb780000,0x00000000ebb00000)
 ParOldGen       total 442880K, used 442424K [0x00000000c0000000, 0x00000000db080000, 0x00000000eab00000)
  object space 442880K, 99% used [0x00000000c0000000,0x00000000db00e098,0x00000000db080000)
 Metaspace       used 80417K, committed 82176K, reserved 1179648K
  class space    used 8144K, committed 8896K, reserved 1048576K
}
Event: 244.623 GC heap before
{Heap before GC invocations=3026 (full 7):
 PSYoungGen      total 9728K, used 9536K [0x00000000eab00000, 0x00000000ebb00000, 0x0000000100000000)
  eden space 7680K, 100% used [0x00000000eab00000,0x00000000eb280000,0x00000000eb280000)
  from space 2048K, 90% used [0x00000000eb280000,0x00000000eb450000,0x00000000eb480000)
  to   space 3584K, 0% used [0x00000000eb780000,0x00000000eb780000,0x00000000ebb00000)
 ParOldGen       total 442880K, used 442424K [0x00000000c0000000, 0x00000000db080000, 0x00000000eab00000)
  object space 442880K, 99% used [0x00000000c0000000,0x00000000db00e098,0x00000000db080000)
 Metaspace       used 80417K, committed 82176K, reserved 1179648K
  class space    used 8144K, committed 8896K, reserved 1048576K
}
Event: 244.628 GC heap after
{Heap after GC invocations=3026 (full 7):
 PSYoungGen      total 10240K, used 864K [0x00000000eab00000, 0x00000000eb880000, 0x0000000100000000)
  eden space 9216K, 0% used [0x00000000eab00000,0x00000000eab00000,0x00000000eb400000)
  from space 1024K, 84% used [0x00000000eb780000,0x00000000eb858010,0x00000000eb880000)
  to   space 1536K, 0% used [0x00000000eb580000,0x00000000eb580000,0x00000000eb700000)
 ParOldGen       total 444416K, used 444144K [0x00000000c0000000, 0x00000000db200000, 0x00000000eab00000)
  object space 444416K, 99% used [0x00000000c0000000,0x00000000db1bc098,0x00000000db200000)
 Metaspace       used 80417K, committed 82176K, reserved 1179648K
  class space    used 8144K, committed 8896K, reserved 1048576K
}
Event: 244.666 GC heap before
{Heap before GC invocations=3027 (full 7):
 PSYoungGen      total 10240K, used 10080K [0x00000000eab00000, 0x00000000eb880000, 0x0000000100000000)
  eden space 9216K, 100% used [0x00000000eab00000,0x00000000eb400000,0x00000000eb400000)
  from space 1024K, 84% used [0x00000000eb780000,0x00000000eb858010,0x00000000eb880000)
  to   space 1536K, 0% used [0x00000000eb580000,0x00000000eb580000,0x00000000eb700000)
 ParOldGen       total 444416K, used 444144K [0x00000000c0000000, 0x00000000db200000, 0x00000000eab00000)
  object space 444416K, 99% used [0x00000000c0000000,0x00000000db1bc098,0x00000000db200000)
 Metaspace       used 80421K, committed 82176K, reserved 1179648K
  class space    used 8144K, committed 8896K, reserved 1048576K
}
Event: 244.670 GC heap after
{Heap after GC invocations=3027 (full 7):
 PSYoungGen      total 10752K, used 800K [0x00000000eab00000, 0x00000000eb800000, 0x0000000100000000)
  eden space 9216K, 0% used [0x00000000eab00000,0x00000000eab00000,0x00000000eb400000)
  from space 1536K, 52% used [0x00000000eb580000,0x00000000eb648000,0x00000000eb700000)
  to   space 1024K, 0% used [0x00000000eb700000,0x00000000eb700000,0x00000000eb800000)
 ParOldGen       total 444928K, used 444880K [0x00000000c0000000, 0x00000000db280000, 0x00000000eab00000)
  object space 444928K, 99% used [0x00000000c0000000,0x00000000db2740a8,0x00000000db280000)
 Metaspace       used 80421K, committed 82176K, reserved 1179648K
  class space    used 8144K, committed 8896K, reserved 1048576K
}
Event: 244.700 GC heap before
{Heap before GC invocations=3028 (full 7):
 PSYoungGen      total 10752K, used 10016K [0x00000000eab00000, 0x00000000eb800000, 0x0000000100000000)
  eden space 9216K, 100% used [0x00000000eab00000,0x00000000eb400000,0x00000000eb400000)
  from space 1536K, 52% used [0x00000000eb580000,0x00000000eb648000,0x00000000eb700000)
  to   space 1024K, 0% used [0x00000000eb700000,0x00000000eb700000,0x00000000eb800000)
 ParOldGen       total 444928K, used 444880K [0x00000000c0000000, 0x00000000db280000, 0x00000000eab00000)
  object space 444928K, 99% used [0x00000000c0000000,0x00000000db2740a8,0x00000000db280000)
 Metaspace       used 80422K, committed 82176K, reserved 1179648K
  class space    used 8144K, committed 8896K, reserved 1048576K
}
Event: 244.704 GC heap after
{Heap after GC invocations=3028 (full 7):
 PSYoungGen      total 10240K, used 832K [0x00000000eab00000, 0x00000000eb800000, 0x0000000100000000)
  eden space 9216K, 0% used [0x00000000eab00000,0x00000000eab00000,0x00000000eb400000)
  from space 1024K, 81% used [0x00000000eb700000,0x00000000eb7d0000,0x00000000eb800000)
  to   space 1024K, 0% used [0x00000000eb600000,0x00000000eb600000,0x00000000eb700000)
 ParOldGen       total 445952K, used 445568K [0x00000000c0000000, 0x00000000db380000, 0x00000000eab00000)
  object space 445952K, 99% used [0x00000000c0000000,0x00000000db3200a8,0x00000000db380000)
 Metaspace       used 80422K, committed 82176K, reserved 1179648K
  class space    used 8144K, committed 8896K, reserved 1048576K
}
Event: 244.735 GC heap before
{Heap before GC invocations=3029 (full 7):
 PSYoungGen      total 10240K, used 10048K [0x00000000eab00000, 0x00000000eb800000, 0x0000000100000000)
  eden space 9216K, 100% used [0x00000000eab00000,0x00000000eb400000,0x00000000eb400000)
  from space 1024K, 81% used [0x00000000eb700000,0x00000000eb7d0000,0x00000000eb800000)
  to   space 1024K, 0% used [0x00000000eb600000,0x00000000eb600000,0x00000000eb700000)
 ParOldGen       total 445952K, used 445568K [0x00000000c0000000, 0x00000000db380000, 0x00000000eab00000)
  object space 445952K, 99% used [0x00000000c0000000,0x00000000db3200a8,0x00000000db380000)
 Metaspace       used 80425K, committed 82176K, reserved 1179648K
  class space    used 8144K, committed 8896K, reserved 1048576K
}
Event: 244.738 GC heap after
{Heap after GC invocations=3029 (full 7):
 PSYoungGen      total 10240K, used 832K [0x00000000eab00000, 0x00000000eb780000, 0x0000000100000000)
  eden space 9216K, 0% used [0x00000000eab00000,0x00000000eab00000,0x00000000eb400000)
  from space 1024K, 81% used [0x00000000eb600000,0x00000000eb6d0000,0x00000000eb700000)
  to   space 512K, 0% used [0x00000000eb700000,0x00000000eb700000,0x00000000eb780000)
 ParOldGen       total 446464K, used 446272K [0x00000000c0000000, 0x00000000db400000, 0x00000000eab00000)
  object space 446464K, 99% used [0x00000000c0000000,0x00000000db3d00a8,0x00000000db400000)
 Metaspace       used 80425K, committed 82176K, reserved 1179648K
  class space    used 8144K, committed 8896K, reserved 1048576K
}
Event: 244.770 GC heap before
{Heap before GC invocations=3030 (full 7):
 PSYoungGen      total 10240K, used 10047K [0x00000000eab00000, 0x00000000eb780000, 0x0000000100000000)
  eden space 9216K, 99% used [0x00000000eab00000,0x00000000eb3ffff8,0x00000000eb400000)
  from space 1024K, 81% used [0x00000000eb600000,0x00000000eb6d0000,0x00000000eb700000)
  to   space 512K, 0% used [0x00000000eb700000,0x00000000eb700000,0x00000000eb780000)
 ParOldGen       total 446464K, used 446272K [0x00000000c0000000, 0x00000000db400000, 0x00000000eab00000)
  object space 446464K, 99% used [0x00000000c0000000,0x00000000db3d00a8,0x00000000db400000)
 Metaspace       used 80426K, committed 82176K, reserved 1179648K
  class space    used 8144K, committed 8896K, reserved 1048576K
}
Event: 244.774 GC heap after
{Heap after GC invocations=3030 (full 7):
 PSYoungGen      total 9728K, used 512K [0x00000000eab00000, 0x00000000eb780000, 0x0000000100000000)
  eden space 9216K, 0% used [0x00000000eab00000,0x00000000eab00000,0x00000000eb400000)
  from space 512K, 100% used [0x00000000eb700000,0x00000000eb780000,0x00000000eb780000)
  to   space 1536K, 0% used [0x00000000eb480000,0x00000000eb480000,0x00000000eb600000)
 ParOldGen       total 447488K, used 447112K [0x00000000c0000000, 0x00000000db500000, 0x00000000eab00000)
  object space 447488K, 99% used [0x00000000c0000000,0x00000000db4a20a8,0x00000000db500000)
 Metaspace       used 80426K, committed 82176K, reserved 1179648K
  class space    used 8144K, committed 8896K, reserved 1048576K
}
Event: 244.833 GC heap before
{Heap before GC invocations=3031 (full 7):
 PSYoungGen      total 9728K, used 9728K [0x00000000eab00000, 0x00000000eb780000, 0x0000000100000000)
  eden space 9216K, 100% used [0x00000000eab00000,0x00000000eb400000,0x00000000eb400000)
  from space 512K, 100% used [0x00000000eb700000,0x00000000eb780000,0x00000000eb780000)
  to   space 1536K, 0% used [0x00000000eb480000,0x00000000eb480000,0x00000000eb600000)
 ParOldGen       total 447488K, used 447112K [0x00000000c0000000, 0x00000000db500000, 0x00000000eab00000)
  object space 447488K, 99% used [0x00000000c0000000,0x00000000db4a20a8,0x00000000db500000)
 Metaspace       used 80496K, committed 82240K, reserved 1179648K
  class space    used 8151K, committed 8896K, reserved 1048576K
}
Event: 244.837 GC heap after
{Heap after GC invocations=3031 (full 7):
 PSYoungGen      total 10752K, used 1376K [0x00000000eab00000, 0x00000000eb780000, 0x0000000100000000)
  eden space 9216K, 0% used [0x00000000eab00000,0x00000000eab00000,0x00000000eb400000)
  from space 1536K, 89% used [0x00000000eb480000,0x00000000eb5d8040,0x00000000eb600000)
  to   space 1536K, 0% used [0x00000000eb600000,0x00000000eb600000,0x00000000eb780000)
 ParOldGen       total 448000K, used 447640K [0x00000000c0000000, 0x00000000db580000, 0x00000000eab00000)
  object space 448000K, 99% used [0x00000000c0000000,0x00000000db5260a8,0x00000000db580000)
 Metaspace       used 80496K, committed 82240K, reserved 1179648K
  class space    used 8151K, committed 8896K, reserved 1048576K
}
Event: 244.924 GC heap before
{Heap before GC invocations=3032 (full 7):
 PSYoungGen      total 10752K, used 10592K [0x00000000eab00000, 0x00000000eb780000, 0x0000000100000000)
  eden space 9216K, 100% used [0x00000000eab00000,0x00000000eb400000,0x00000000eb400000)
  from space 1536K, 89% used [0x00000000eb480000,0x00000000eb5d8040,0x00000000eb600000)
  to   space 1536K, 0% used [0x00000000eb600000,0x00000000eb600000,0x00000000eb780000)
 ParOldGen       total 448000K, used 447640K [0x00000000c0000000, 0x00000000db580000, 0x00000000eab00000)
  object space 448000K, 99% used [0x00000000c0000000,0x00000000db5260a8,0x00000000db580000)
 Metaspace       used 80794K, committed 82560K, reserved 1179648K
  class space    used 8178K, committed 8960K, reserved 1048576K
}
Event: 244.930 GC heap after
{Heap after GC invocations=3032 (full 7):
 PSYoungGen      total 10752K, used 1370K [0x00000000eab00000, 0x00000000eb780000, 0x0000000100000000)
  eden space 9216K, 0% used [0x00000000eab00000,0x00000000eab00000,0x00000000eb400000)
  from space 1536K, 89% used [0x00000000eb600000,0x00000000eb756a20,0x00000000eb780000)
  to   space 1536K, 0% used [0x00000000eb480000,0x00000000eb480000,0x00000000eb600000)
 ParOldGen       total 449536K, used 449317K [0x00000000c0000000, 0x00000000db700000, 0x00000000eab00000)
  object space 449536K, 99% used [0x00000000c0000000,0x00000000db6c9790,0x00000000db700000)
 Metaspace       used 80794K, committed 82560K, reserved 1179648K
  class space    used 8178K, committed 8960K, reserved 1048576K
}

